
  sentry-ruby now sends events asynchronously by default with its background worker (supported since 4.1.0).
  The `config.async` callback has become redundant while continuing to cause issues.
  (The problems of `async` are detailed in https://github.com/getsentry/sentry-ruby/issues/1522)

  Therefore, we encourage you to remove it and let the background worker take care of async job sending.
It's deprecation is planned in the next major release (6.0), which is scheduled around the 3rd quarter of 2022.

config.async is set, BackgroundWorker is disabled
[Sessions] Sessions won't be captured without a valid release
  [1m[35m (1.0ms)[0m  [1m[35mCREATE DATABASE "testing_project" ENCODING = 'unicode'[0m
  [1m[35m (0.5ms)[0m  [1m[35mCREATE DATABASE "testing_project-test" ENCODING = 'unicode'[0m
Killing session flusher
Shutting down background worker

  sentry-ruby now sends events asynchronously by default with its background worker (supported since 4.1.0).
  The `config.async` callback has become redundant while continuing to cause issues.
  (The problems of `async` are detailed in https://github.com/getsentry/sentry-ruby/issues/1522)

  Therefore, we encourage you to remove it and let the background worker take care of async job sending.
It's deprecation is planned in the next major release (6.0), which is scheduled around the 3rd quarter of 2022.

config.async is set, BackgroundWorker is disabled
[Sessions] Sessions won't be captured without a valid release
  [1m[35m (37.8ms)[0m  [1m[35mCREATE TABLE "schema_migrations" ("version" character varying NOT NULL PRIMARY KEY)[0m
  [1m[35m (7.6ms)[0m  [1m[35mCREATE TABLE "ar_internal_metadata" ("key" character varying NOT NULL PRIMARY KEY, "value" character varying, "created_at" timestamp(6) NOT NULL, "updated_at" timestamp(6) NOT NULL)[0m
  [1m[35m (0.3ms)[0m  [1m[34mSELECT pg_try_advisory_lock(5015289476933435700)[0m
  [1m[35m (1.5ms)[0m  [1m[34mSELECT "schema_migrations"."version" FROM "schema_migrations" ORDER BY "schema_migrations"."version" ASC[0m
Migrating to CreateUsers (20190703155941)
  [1m[36mTRANSACTION (0.2ms)[0m  [1m[35mBEGIN[0m
  [1m[35m (0.2ms)[0m  [1m[35mSHOW server_version_num[0m
  [1m[35m (0.1ms)[0m  [1m[35mSET statement_timeout TO 3600000[0m
  [1m[35m (0.1ms)[0m  [1m[35mSET lock_timeout TO 10000[0m
  [1m[35m (13.2ms)[0m  [1m[35mCREATE TABLE "users" ("id" bigserial primary key, "first_name" character varying, "last_name" character varying, "created_at" timestamp(6) NOT NULL, "updated_at" timestamp(6) NOT NULL)[0m
  [1m[36mActiveRecord::SchemaMigration Create (0.4ms)[0m  [1m[32mINSERT INTO "schema_migrations" ("version") VALUES ($1) RETURNING "version"[0m  [["version", "20190703155941"]]
  [1m[36mTRANSACTION (0.3ms)[0m  [1m[35mCOMMIT[0m
Migrating to DeviseTokenAuthCreateUsers (20190705213619)
  [1m[35m (0.5ms)[0m  [1m[35mSHOW server_version_num[0m
  [1m[35m (0.1ms)[0m  [1m[35mSET statement_timeout TO 3600000[0m
  [1m[35m (0.2ms)[0m  [1m[35mSET lock_timeout TO 10000[0m
  [1m[35m (5.0ms)[0m  [1m[35mALTER TABLE "users" ADD "provider" character varying DEFAULT 'email' NOT NULL, ADD "email" character varying NOT NULL, ADD "uid" character varying NOT NULL, ADD "encrypted_password" character varying NOT NULL, ADD "reset_password_token" character varying, ADD "reset_password_sent_at" timestamp, ADD "remember_created_at" timestamp, ADD "confirmation_token" character varying, ADD "confirmed_at" timestamp, ADD "confirmation_sent_at" timestamp, ADD "current_sign_in_at" timestamp, ADD "last_sign_in_at" timestamp, ADD "current_sign_in_ip" character varying, ADD "last_sign_in_ip" character varying, ADD "unconfirmed_email" character varying, ADD "sign_in_count" integer DEFAULT 0, ADD "tokens" json DEFAULT '{}' NOT NULL, ADD "must_change_password" boolean DEFAULT FALSE[0m
  [1m[35m (1.8ms)[0m  [1m[35mCREATE UNIQUE INDEX CONCURRENTLY "index_users_on_email" ON "users" ("email")[0m
  [1m[35m (2.6ms)[0m  [1m[35mANALYZE "users"[0m
  [1m[35m (1.5ms)[0m  [1m[35mCREATE UNIQUE INDEX CONCURRENTLY "index_users_on_uid_and_provider" ON "users" ("uid", "provider")[0m
  [1m[35m (0.3ms)[0m  [1m[35mANALYZE "users"[0m
  [1m[35m (1.6ms)[0m  [1m[35mCREATE UNIQUE INDEX CONCURRENTLY "index_users_on_reset_password_token" ON "users" ("reset_password_token")[0m
  [1m[35m (0.4ms)[0m  [1m[35mANALYZE "users"[0m
  [1m[35m (1.5ms)[0m  [1m[35mCREATE UNIQUE INDEX CONCURRENTLY "index_users_on_confirmation_token" ON "users" ("confirmation_token")[0m
  [1m[35m (0.3ms)[0m  [1m[35mANALYZE "users"[0m
  [1m[36mTRANSACTION (0.1ms)[0m  [1m[35mBEGIN[0m
  [1m[36mActiveRecord::SchemaMigration Create (0.4ms)[0m  [1m[32mINSERT INTO "schema_migrations" ("version") VALUES ($1) RETURNING "version"[0m  [["version", "20190705213619"]]
  [1m[36mTRANSACTION (0.3ms)[0m  [1m[35mCOMMIT[0m
Migrating to DeviseCreateAdminUsers (20200117193722)
  [1m[35m (0.2ms)[0m  [1m[35mSHOW server_version_num[0m
  [1m[35m (0.2ms)[0m  [1m[35mSET statement_timeout TO 3600000[0m
  [1m[35m (0.1ms)[0m  [1m[35mSET lock_timeout TO 10000[0m
  [1m[35m (7.1ms)[0m  [1m[35mCREATE TABLE "admin_users" ("id" bigserial primary key, "email" character varying NOT NULL, "encrypted_password" character varying NOT NULL, "reset_password_token" character varying, "reset_password_sent_at" timestamp, "remember_created_at" timestamp, "created_at" timestamp(6) NOT NULL, "updated_at" timestamp(6) NOT NULL)[0m
  [1m[35m (1.8ms)[0m  [1m[35mCREATE UNIQUE INDEX CONCURRENTLY "index_admin_users_on_email" ON "admin_users" ("email")[0m
  [1m[35m (0.4ms)[0m  [1m[35mANALYZE "admin_users"[0m
  [1m[35m (2.3ms)[0m  [1m[35mCREATE UNIQUE INDEX CONCURRENTLY "index_admin_users_on_reset_password_token" ON "admin_users" ("reset_password_token")[0m
  [1m[35m (0.4ms)[0m  [1m[35mANALYZE "admin_users"[0m
  [1m[36mTRANSACTION (0.2ms)[0m  [1m[35mBEGIN[0m
  [1m[36mActiveRecord::SchemaMigration Create (0.4ms)[0m  [1m[32mINSERT INTO "schema_migrations" ("version") VALUES ($1) RETURNING "version"[0m  [["version", "20200117193722"]]
  [1m[36mTRANSACTION (0.3ms)[0m  [1m[35mCOMMIT[0m
Migrating to AddLocaleToUsers (20200309184444)
  [1m[36mTRANSACTION (0.1ms)[0m  [1m[35mBEGIN[0m
  [1m[35m (0.1ms)[0m  [1m[35mSHOW server_version_num[0m
  [1m[35m (0.2ms)[0m  [1m[35mSET statement_timeout TO 3600000[0m
  [1m[35m (0.2ms)[0m  [1m[35mSET lock_timeout TO 10000[0m
  [1m[35m (0.3ms)[0m  [1m[35mALTER TABLE "users" ADD "locale" character varying[0m
  [1m[36mActiveRecord::SchemaMigration Create (0.1ms)[0m  [1m[32mINSERT INTO "schema_migrations" ("version") VALUES ($1) RETURNING "version"[0m  [["version", "20200309184444"]]
  [1m[36mTRANSACTION (0.2ms)[0m  [1m[35mCOMMIT[0m
  [1m[36mActiveRecord::InternalMetadata Load (0.4ms)[0m  [1m[34mSELECT "ar_internal_metadata".* FROM "ar_internal_metadata" WHERE "ar_internal_metadata"."key" = $1 LIMIT $2[0m  [["key", "environment"], ["LIMIT", 1]]
  [1m[36mTRANSACTION (0.1ms)[0m  [1m[35mBEGIN[0m
  [1m[36mActiveRecord::InternalMetadata Create (0.4ms)[0m  [1m[32mINSERT INTO "ar_internal_metadata" ("key", "value", "created_at", "updated_at") VALUES ($1, $2, $3, $4) RETURNING "key"[0m  [["key", "environment"], ["value", "development"], ["created_at", "2022-12-13 19:52:45.445603"], ["updated_at", "2022-12-13 19:52:45.445603"]]
  [1m[36mTRANSACTION (0.2ms)[0m  [1m[35mCOMMIT[0m
  [1m[35m (0.2ms)[0m  [1m[34mSELECT pg_advisory_unlock(5015289476933435700)[0m
  [1m[35m (0.8ms)[0m  [1m[34mSELECT "schema_migrations"."version" FROM "schema_migrations" ORDER BY "schema_migrations"."version" ASC[0m
  [1m[35m (1.0ms)[0m  [1m[34mSELECT "schema_migrations"."version" FROM "schema_migrations" ORDER BY "schema_migrations"."version" ASC[0m
Killing session flusher
Shutting down background worker

  sentry-ruby now sends events asynchronously by default with its background worker (supported since 4.1.0).
  The `config.async` callback has become redundant while continuing to cause issues.
  (The problems of `async` are detailed in https://github.com/getsentry/sentry-ruby/issues/1522)

  Therefore, we encourage you to remove it and let the background worker take care of async job sending.
It's deprecation is planned in the next major release (6.0), which is scheduled around the 3rd quarter of 2022.

config.async is set, BackgroundWorker is disabled
[Sessions] Sessions won't be captured without a valid release
  [1m[35m (0.9ms)[0m  [1m[35mCREATE DATABASE "testing_project" ENCODING = 'unicode'[0m
  [1m[35m (0.4ms)[0m  [1m[35mCREATE DATABASE "testing_project-test" ENCODING = 'unicode'[0m
Killing session flusher
Shutting down background worker

  sentry-ruby now sends events asynchronously by default with its background worker (supported since 4.1.0).
  The `config.async` callback has become redundant while continuing to cause issues.
  (The problems of `async` are detailed in https://github.com/getsentry/sentry-ruby/issues/1522)

  Therefore, we encourage you to remove it and let the background worker take care of async job sending.
It's deprecation is planned in the next major release (6.0), which is scheduled around the 3rd quarter of 2022.

config.async is set, BackgroundWorker is disabled
[Sessions] Sessions won't be captured without a valid release
  [1m[35m (0.2ms)[0m  [1m[34mSELECT pg_try_advisory_lock(5015289476933435700)[0m
  [1m[35m (0.6ms)[0m  [1m[34mSELECT "schema_migrations"."version" FROM "schema_migrations" ORDER BY "schema_migrations"."version" ASC[0m
  [1m[36mActiveRecord::InternalMetadata Load (0.6ms)[0m  [1m[34mSELECT "ar_internal_metadata".* FROM "ar_internal_metadata" WHERE "ar_internal_metadata"."key" = $1 LIMIT $2[0m  [["key", "environment"], ["LIMIT", 1]]
  [1m[35m (0.4ms)[0m  [1m[34mSELECT pg_advisory_unlock(5015289476933435700)[0m
  [1m[35m (0.6ms)[0m  [1m[34mSELECT "schema_migrations"."version" FROM "schema_migrations" ORDER BY "schema_migrations"."version" ASC[0m
  [1m[35m (1.0ms)[0m  [1m[34mSELECT "schema_migrations"."version" FROM "schema_migrations" ORDER BY "schema_migrations"."version" ASC[0m
Killing session flusher
Shutting down background worker
